<?xml version="1.0" encoding="UTF-8"?>
<!-- Generated by org.testng.reporters.JUnitXMLReporter -->
<testsuite ignored="1" hostname="Mike" failures="0" tests="1" name="Default test" time="0.369" errors="0" timestamp="2024-12-06T13:35:05 EST">
  <testcase classname="com.Interview.java.ExcelCode" name="printExcel" time="0.346"/>
  <testcase classname="com.Interview.java.ExcelCode" name="loginToAWebsite" time="0.0">
    <ignored/>
  </testcase> <!-- loginToAWebsite -->
</testsuite> <!-- Default test -->
