<?xml version="1.0" encoding="UTF-8"?>
<testng-results ignored="0" total="1" passed="1" failed="0" skipped="0">
  <reporter-output>
  </reporter-output>
  <suite started-at="2024-12-06T13:35:05 EST" name="Default suite" finished-at="2024-12-06T13:35:05 EST" duration-ms="369">
    <groups>
    </groups>
    <test started-at="2024-12-06T13:35:05 EST" name="Default test" finished-at="2024-12-06T13:35:05 EST" duration-ms="369">
      <class name="com.Interview.java.ExcelCode">
        <test-method signature="printExcel()[pri:0, instance:com.Interview.java.ExcelCode@78691363]" started-at="2024-12-06T13:35:05 EST" name="printExcel" finished-at="2024-12-06T13:35:05 EST" duration-ms="346" status="PASS">
          <reporter-output>
          </reporter-output>
        </test-method> <!-- printExcel -->
      </class> <!-- com.Interview.java.ExcelCode -->
    </test> <!-- Default test -->
  </suite> <!-- Default suite -->
</testng-results>
