<?xml version="1.0" encoding="UTF-8"?>
<testng-results ignored="0" total="1" passed="1" failed="0" skipped="0">
  <reporter-output>
  </reporter-output>
  <suite started-at="2025-01-15T16:29:49 EST" name="Default suite" finished-at="2025-01-15T16:29:49 EST" duration-ms="33">
    <groups>
    </groups>
    <test started-at="2025-01-15T16:29:49 EST" name="Default test" finished-at="2025-01-15T16:29:49 EST" duration-ms="33">
      <class name="com.Example.Utilities.Util">
        <test-method signature="print()[pri:0, instance:com.Example.Utilities.Util@411f53a0]" started-at="2025-01-15T16:29:49 EST" name="print" finished-at="2025-01-15T16:29:49 EST" duration-ms="11" status="PASS">
          <reporter-output>
          </reporter-output>
        </test-method> <!-- print -->
      </class> <!-- com.Example.Utilities.Util -->
    </test> <!-- Default test -->
  </suite> <!-- Default suite -->
</testng-results>
